[2024-11-24 21:28:06] production.ERROR: Unclosed '{' on line 27 {"exception":"[object] (ParseError(code: 0): Unclosed '{' on line 27 at /codigo/FinalProject/CoffeeClub/database/migrations/2024_11_24_161650_create_recipes_table.php:29)
[stacktrace]
#0 /codigo/FinalProject/CoffeeClub/vendor/laravel/framework/src/Illuminate/Filesystem/Filesystem.php(149): Illuminate\\Filesystem\\Filesystem::Illuminate\\Filesystem\\{closure}()
#1 /codigo/FinalProject/CoffeeClub/vendor/laravel/framework/src/Illuminate/Database/Migrations/MigrationCreator.php(97): Illuminate\\Filesystem\\Filesystem->requireOnce()
#2 /codigo/FinalProject/CoffeeClub/vendor/laravel/framework/src/Illuminate/Database/Migrations/MigrationCreator.php(59): Illuminate\\Database\\Migrations\\MigrationCreator->ensureMigrationDoesntAlreadyExist()
#3 /codigo/FinalProject/CoffeeClub/vendor/laravel/framework/src/Illuminate/Database/Console/Migrations/MigrateMakeCommand.php(112): Illuminate\\Database\\Migrations\\MigrationCreator->create()
#4 /codigo/FinalProject/CoffeeClub/vendor/laravel/framework/src/Illuminate/Database/Console/Migrations/MigrateMakeCommand.php(99): Illuminate\\Database\\Console\\Migrations\\MigrateMakeCommand->writeMigration()
#5 /codigo/FinalProject/CoffeeClub/vendor/laravel/framework/src/Illuminate/Container/BoundMethod.php(36): Illuminate\\Database\\Console\\Migrations\\MigrateMakeCommand->handle()
#6 /codigo/FinalProject/CoffeeClub/vendor/laravel/framework/src/Illuminate/Container/Util.php(43): Illuminate\\Container\\BoundMethod::Illuminate\\Container\\{closure}()
#7 /codigo/FinalProject/CoffeeClub/vendor/laravel/framework/src/Illuminate/Container/BoundMethod.php(95): Illuminate\\Container\\Util::unwrapIfClosure()
#8 /codigo/FinalProject/CoffeeClub/vendor/laravel/framework/src/Illuminate/Container/BoundMethod.php(35): Illuminate\\Container\\BoundMethod::callBoundMethod()
#9 /codigo/FinalProject/CoffeeClub/vendor/laravel/framework/src/Illuminate/Container/Container.php(690): Illuminate\\Container\\BoundMethod::call()
#10 /codigo/FinalProject/CoffeeClub/vendor/laravel/framework/src/Illuminate/Console/Command.php(213): Illuminate\\Container\\Container->call()
#11 /codigo/FinalProject/CoffeeClub/vendor/symfony/console/Command/Command.php(279): Illuminate\\Console\\Command->execute()
#12 /codigo/FinalProject/CoffeeClub/vendor/laravel/framework/src/Illuminate/Console/Command.php(182): Symfony\\Component\\Console\\Command\\Command->run()
#13 /codigo/FinalProject/CoffeeClub/vendor/symfony/console/Application.php(1047): Illuminate\\Console\\Command->run()
#14 /codigo/FinalProject/CoffeeClub/vendor/symfony/console/Application.php(316): Symfony\\Component\\Console\\Application->doRunCommand()
#15 /codigo/FinalProject/CoffeeClub/vendor/symfony/console/Application.php(167): Symfony\\Component\\Console\\Application->doRun()
#16 /codigo/FinalProject/CoffeeClub/vendor/laravel/framework/src/Illuminate/Foundation/Console/Kernel.php(197): Symfony\\Component\\Console\\Application->run()
#17 /codigo/FinalProject/CoffeeClub/vendor/laravel/framework/src/Illuminate/Foundation/Application.php(1205): Illuminate\\Foundation\\Console\\Kernel->handle()
#18 /codigo/FinalProject/CoffeeClub/artisan(13): Illuminate\\Foundation\\Application->handleCommand()
#19 {main}
"} 
[2024-11-24 21:28:38] production.ERROR: Unclosed '{' on line 27 {"exception":"[object] (ParseError(code: 0): Unclosed '{' on line 27 at /codigo/FinalProject/CoffeeClub/database/migrations/2024_11_24_161650_create_recipes_table.php:29)
[stacktrace]
#0 /codigo/FinalProject/CoffeeClub/vendor/laravel/framework/src/Illuminate/Filesystem/Filesystem.php(149): Illuminate\\Filesystem\\Filesystem::Illuminate\\Filesystem\\{closure}()
#1 /codigo/FinalProject/CoffeeClub/vendor/laravel/framework/src/Illuminate/Database/Migrations/MigrationCreator.php(97): Illuminate\\Filesystem\\Filesystem->requireOnce()
#2 /codigo/FinalProject/CoffeeClub/vendor/laravel/framework/src/Illuminate/Database/Migrations/MigrationCreator.php(59): Illuminate\\Database\\Migrations\\MigrationCreator->ensureMigrationDoesntAlreadyExist()
#3 /codigo/FinalProject/CoffeeClub/vendor/laravel/framework/src/Illuminate/Database/Console/Migrations/MigrateMakeCommand.php(112): Illuminate\\Database\\Migrations\\MigrationCreator->create()
#4 /codigo/FinalProject/CoffeeClub/vendor/laravel/framework/src/Illuminate/Database/Console/Migrations/MigrateMakeCommand.php(99): Illuminate\\Database\\Console\\Migrations\\MigrateMakeCommand->writeMigration()
#5 /codigo/FinalProject/CoffeeClub/vendor/laravel/framework/src/Illuminate/Container/BoundMethod.php(36): Illuminate\\Database\\Console\\Migrations\\MigrateMakeCommand->handle()
#6 /codigo/FinalProject/CoffeeClub/vendor/laravel/framework/src/Illuminate/Container/Util.php(43): Illuminate\\Container\\BoundMethod::Illuminate\\Container\\{closure}()
#7 /codigo/FinalProject/CoffeeClub/vendor/laravel/framework/src/Illuminate/Container/BoundMethod.php(95): Illuminate\\Container\\Util::unwrapIfClosure()
#8 /codigo/FinalProject/CoffeeClub/vendor/laravel/framework/src/Illuminate/Container/BoundMethod.php(35): Illuminate\\Container\\BoundMethod::callBoundMethod()
#9 /codigo/FinalProject/CoffeeClub/vendor/laravel/framework/src/Illuminate/Container/Container.php(690): Illuminate\\Container\\BoundMethod::call()
#10 /codigo/FinalProject/CoffeeClub/vendor/laravel/framework/src/Illuminate/Console/Command.php(213): Illuminate\\Container\\Container->call()
#11 /codigo/FinalProject/CoffeeClub/vendor/symfony/console/Command/Command.php(279): Illuminate\\Console\\Command->execute()
#12 /codigo/FinalProject/CoffeeClub/vendor/laravel/framework/src/Illuminate/Console/Command.php(182): Symfony\\Component\\Console\\Command\\Command->run()
#13 /codigo/FinalProject/CoffeeClub/vendor/symfony/console/Application.php(1047): Illuminate\\Console\\Command->run()
#14 /codigo/FinalProject/CoffeeClub/vendor/symfony/console/Application.php(316): Symfony\\Component\\Console\\Application->doRunCommand()
#15 /codigo/FinalProject/CoffeeClub/vendor/symfony/console/Application.php(167): Symfony\\Component\\Console\\Application->doRun()
#16 /codigo/FinalProject/CoffeeClub/vendor/laravel/framework/src/Illuminate/Foundation/Console/Kernel.php(197): Symfony\\Component\\Console\\Application->run()
#17 /codigo/FinalProject/CoffeeClub/vendor/laravel/framework/src/Illuminate/Foundation/Application.php(1205): Illuminate\\Foundation\\Console\\Kernel->handle()
#18 /codigo/FinalProject/CoffeeClub/artisan(13): Illuminate\\Foundation\\Application->handleCommand()
#19 {main}
"} 
[2024-11-24 21:42:43] production.ERROR: SQLSTATE[HY000]: General error: 1 table "users" already exists (Connection: sqlite, SQL: create table "users" ("id" integer primary key autoincrement not null, "name" varchar not null, "email" varchar not null, "password" varchar not null, "coffee_points" integer not null default '0', "created_at" datetime, "updated_at" datetime)) {"exception":"[object] (Illuminate\\Database\\QueryException(code: HY000): SQLSTATE[HY000]: General error: 1 table \"users\" already exists (Connection: sqlite, SQL: create table \"users\" (\"id\" integer primary key autoincrement not null, \"name\" varchar not null, \"email\" varchar not null, \"password\" varchar not null, \"coffee_points\" integer not null default '0', \"created_at\" datetime, \"updated_at\" datetime)) at /codigo/FinalProject/CoffeeClub/vendor/laravel/framework/src/Illuminate/Database/Connection.php:825)
[stacktrace]
#0 /codigo/FinalProject/CoffeeClub/vendor/laravel/framework/src/Illuminate/Database/Connection.php(779): Illuminate\\Database\\Connection->runQueryCallback()
#1 /codigo/FinalProject/CoffeeClub/vendor/laravel/framework/src/Illuminate/Database/Connection.php(560): Illuminate\\Database\\Connection->run()
#2 /codigo/FinalProject/CoffeeClub/vendor/laravel/framework/src/Illuminate/Database/Schema/Blueprint.php(117): Illuminate\\Database\\Connection->statement()
#3 /codigo/FinalProject/CoffeeClub/vendor/laravel/framework/src/Illuminate/Database/Schema/Builder.php(564): Illuminate\\Database\\Schema\\Blueprint->build()
#4 /codigo/FinalProject/CoffeeClub/vendor/laravel/framework/src/Illuminate/Database/Schema/Builder.php(418): Illuminate\\Database\\Schema\\Builder->build()
#5 /codigo/FinalProject/CoffeeClub/vendor/laravel/framework/src/Illuminate/Support/Facades/Facade.php(358): Illuminate\\Database\\Schema\\Builder->create()
#6 /codigo/FinalProject/CoffeeClub/database/migrations/2024_11_24_161558_create_users_table.php(11): Illuminate\\Support\\Facades\\Facade::__callStatic()
#7 /codigo/FinalProject/CoffeeClub/vendor/laravel/framework/src/Illuminate/Database/Migrations/Migrator.php(476): CreateUsersTable->up()
#8 /codigo/FinalProject/CoffeeClub/vendor/laravel/framework/src/Illuminate/Database/Migrations/Migrator.php(401): Illuminate\\Database\\Migrations\\Migrator->runMethod()
#9 /codigo/FinalProject/CoffeeClub/vendor/laravel/framework/src/Illuminate/Database/Migrations/Migrator.php(410): Illuminate\\Database\\Migrations\\Migrator->Illuminate\\Database\\Migrations\\{closure}()
#10 /codigo/FinalProject/CoffeeClub/vendor/laravel/framework/src/Illuminate/Database/Migrations/Migrator.php(213): Illuminate\\Database\\Migrations\\Migrator->runMigration()
#11 /codigo/FinalProject/CoffeeClub/vendor/laravel/framework/src/Illuminate/Console/View/Components/Task.php(40): Illuminate\\Database\\Migrations\\Migrator->Illuminate\\Database\\Migrations\\{closure}()
#12 /codigo/FinalProject/CoffeeClub/vendor/laravel/framework/src/Illuminate/Database/Migrations/Migrator.php(737): Illuminate\\Console\\View\\Components\\Task->render()
#13 /codigo/FinalProject/CoffeeClub/vendor/laravel/framework/src/Illuminate/Database/Migrations/Migrator.php(213): Illuminate\\Database\\Migrations\\Migrator->write()
#14 /codigo/FinalProject/CoffeeClub/vendor/laravel/framework/src/Illuminate/Database/Migrations/Migrator.php(180): Illuminate\\Database\\Migrations\\Migrator->runUp()
#15 /codigo/FinalProject/CoffeeClub/vendor/laravel/framework/src/Illuminate/Database/Migrations/Migrator.php(123): Illuminate\\Database\\Migrations\\Migrator->runPending()
#16 /codigo/FinalProject/CoffeeClub/vendor/laravel/framework/src/Illuminate/Database/Console/Migrations/MigrateCommand.php(116): Illuminate\\Database\\Migrations\\Migrator->run()
#17 /codigo/FinalProject/CoffeeClub/vendor/laravel/framework/src/Illuminate/Database/Migrations/Migrator.php(616): Illuminate\\Database\\Console\\Migrations\\MigrateCommand->Illuminate\\Database\\Console\\Migrations\\{closure}()
#18 /codigo/FinalProject/CoffeeClub/vendor/laravel/framework/src/Illuminate/Database/Console/Migrations/MigrateCommand.php(109): Illuminate\\Database\\Migrations\\Migrator->usingConnection()
#19 /codigo/FinalProject/CoffeeClub/vendor/laravel/framework/src/Illuminate/Database/Console/Migrations/MigrateCommand.php(88): Illuminate\\Database\\Console\\Migrations\\MigrateCommand->runMigrations()
#20 /codigo/FinalProject/CoffeeClub/vendor/laravel/framework/src/Illuminate/Container/BoundMethod.php(36): Illuminate\\Database\\Console\\Migrations\\MigrateCommand->handle()
#21 /codigo/FinalProject/CoffeeClub/vendor/laravel/framework/src/Illuminate/Container/Util.php(43): Illuminate\\Container\\BoundMethod::Illuminate\\Container\\{closure}()
#22 /codigo/FinalProject/CoffeeClub/vendor/laravel/framework/src/Illuminate/Container/BoundMethod.php(95): Illuminate\\Container\\Util::unwrapIfClosure()
#23 /codigo/FinalProject/CoffeeClub/vendor/laravel/framework/src/Illuminate/Container/BoundMethod.php(35): Illuminate\\Container\\BoundMethod::callBoundMethod()
#24 /codigo/FinalProject/CoffeeClub/vendor/laravel/framework/src/Illuminate/Container/Container.php(690): Illuminate\\Container\\BoundMethod::call()
#25 /codigo/FinalProject/CoffeeClub/vendor/laravel/framework/src/Illuminate/Console/Command.php(213): Illuminate\\Container\\Container->call()
#26 /codigo/FinalProject/CoffeeClub/vendor/symfony/console/Command/Command.php(279): Illuminate\\Console\\Command->execute()
#27 /codigo/FinalProject/CoffeeClub/vendor/laravel/framework/src/Illuminate/Console/Command.php(182): Symfony\\Component\\Console\\Command\\Command->run()
#28 /codigo/FinalProject/CoffeeClub/vendor/symfony/console/Application.php(1047): Illuminate\\Console\\Command->run()
#29 /codigo/FinalProject/CoffeeClub/vendor/symfony/console/Application.php(316): Symfony\\Component\\Console\\Application->doRunCommand()
#30 /codigo/FinalProject/CoffeeClub/vendor/symfony/console/Application.php(167): Symfony\\Component\\Console\\Application->doRun()
#31 /codigo/FinalProject/CoffeeClub/vendor/laravel/framework/src/Illuminate/Foundation/Console/Kernel.php(197): Symfony\\Component\\Console\\Application->run()
#32 /codigo/FinalProject/CoffeeClub/vendor/laravel/framework/src/Illuminate/Foundation/Application.php(1205): Illuminate\\Foundation\\Console\\Kernel->handle()
#33 /codigo/FinalProject/CoffeeClub/artisan(13): Illuminate\\Foundation\\Application->handleCommand()
#34 {main}

[previous exception] [object] (PDOException(code: HY000): SQLSTATE[HY000]: General error: 1 table \"users\" already exists at /codigo/FinalProject/CoffeeClub/vendor/laravel/framework/src/Illuminate/Database/Connection.php:565)
[stacktrace]
#0 /codigo/FinalProject/CoffeeClub/vendor/laravel/framework/src/Illuminate/Database/Connection.php(565): PDO->prepare()
#1 /codigo/FinalProject/CoffeeClub/vendor/laravel/framework/src/Illuminate/Database/Connection.php(812): Illuminate\\Database\\Connection->Illuminate\\Database\\{closure}()
#2 /codigo/FinalProject/CoffeeClub/vendor/laravel/framework/src/Illuminate/Database/Connection.php(779): Illuminate\\Database\\Connection->runQueryCallback()
#3 /codigo/FinalProject/CoffeeClub/vendor/laravel/framework/src/Illuminate/Database/Connection.php(560): Illuminate\\Database\\Connection->run()
#4 /codigo/FinalProject/CoffeeClub/vendor/laravel/framework/src/Illuminate/Database/Schema/Blueprint.php(117): Illuminate\\Database\\Connection->statement()
#5 /codigo/FinalProject/CoffeeClub/vendor/laravel/framework/src/Illuminate/Database/Schema/Builder.php(564): Illuminate\\Database\\Schema\\Blueprint->build()
#6 /codigo/FinalProject/CoffeeClub/vendor/laravel/framework/src/Illuminate/Database/Schema/Builder.php(418): Illuminate\\Database\\Schema\\Builder->build()
#7 /codigo/FinalProject/CoffeeClub/vendor/laravel/framework/src/Illuminate/Support/Facades/Facade.php(358): Illuminate\\Database\\Schema\\Builder->create()
#8 /codigo/FinalProject/CoffeeClub/database/migrations/2024_11_24_161558_create_users_table.php(11): Illuminate\\Support\\Facades\\Facade::__callStatic()
#9 /codigo/FinalProject/CoffeeClub/vendor/laravel/framework/src/Illuminate/Database/Migrations/Migrator.php(476): CreateUsersTable->up()
#10 /codigo/FinalProject/CoffeeClub/vendor/laravel/framework/src/Illuminate/Database/Migrations/Migrator.php(401): Illuminate\\Database\\Migrations\\Migrator->runMethod()
#11 /codigo/FinalProject/CoffeeClub/vendor/laravel/framework/src/Illuminate/Database/Migrations/Migrator.php(410): Illuminate\\Database\\Migrations\\Migrator->Illuminate\\Database\\Migrations\\{closure}()
#12 /codigo/FinalProject/CoffeeClub/vendor/laravel/framework/src/Illuminate/Database/Migrations/Migrator.php(213): Illuminate\\Database\\Migrations\\Migrator->runMigration()
#13 /codigo/FinalProject/CoffeeClub/vendor/laravel/framework/src/Illuminate/Console/View/Components/Task.php(40): Illuminate\\Database\\Migrations\\Migrator->Illuminate\\Database\\Migrations\\{closure}()
#14 /codigo/FinalProject/CoffeeClub/vendor/laravel/framework/src/Illuminate/Database/Migrations/Migrator.php(737): Illuminate\\Console\\View\\Components\\Task->render()
#15 /codigo/FinalProject/CoffeeClub/vendor/laravel/framework/src/Illuminate/Database/Migrations/Migrator.php(213): Illuminate\\Database\\Migrations\\Migrator->write()
#16 /codigo/FinalProject/CoffeeClub/vendor/laravel/framework/src/Illuminate/Database/Migrations/Migrator.php(180): Illuminate\\Database\\Migrations\\Migrator->runUp()
#17 /codigo/FinalProject/CoffeeClub/vendor/laravel/framework/src/Illuminate/Database/Migrations/Migrator.php(123): Illuminate\\Database\\Migrations\\Migrator->runPending()
#18 /codigo/FinalProject/CoffeeClub/vendor/laravel/framework/src/Illuminate/Database/Console/Migrations/MigrateCommand.php(116): Illuminate\\Database\\Migrations\\Migrator->run()
#19 /codigo/FinalProject/CoffeeClub/vendor/laravel/framework/src/Illuminate/Database/Migrations/Migrator.php(616): Illuminate\\Database\\Console\\Migrations\\MigrateCommand->Illuminate\\Database\\Console\\Migrations\\{closure}()
#20 /codigo/FinalProject/CoffeeClub/vendor/laravel/framework/src/Illuminate/Database/Console/Migrations/MigrateCommand.php(109): Illuminate\\Database\\Migrations\\Migrator->usingConnection()
#21 /codigo/FinalProject/CoffeeClub/vendor/laravel/framework/src/Illuminate/Database/Console/Migrations/MigrateCommand.php(88): Illuminate\\Database\\Console\\Migrations\\MigrateCommand->runMigrations()
#22 /codigo/FinalProject/CoffeeClub/vendor/laravel/framework/src/Illuminate/Container/BoundMethod.php(36): Illuminate\\Database\\Console\\Migrations\\MigrateCommand->handle()
#23 /codigo/FinalProject/CoffeeClub/vendor/laravel/framework/src/Illuminate/Container/Util.php(43): Illuminate\\Container\\BoundMethod::Illuminate\\Container\\{closure}()
#24 /codigo/FinalProject/CoffeeClub/vendor/laravel/framework/src/Illuminate/Container/BoundMethod.php(95): Illuminate\\Container\\Util::unwrapIfClosure()
#25 /codigo/FinalProject/CoffeeClub/vendor/laravel/framework/src/Illuminate/Container/BoundMethod.php(35): Illuminate\\Container\\BoundMethod::callBoundMethod()
#26 /codigo/FinalProject/CoffeeClub/vendor/laravel/framework/src/Illuminate/Container/Container.php(690): Illuminate\\Container\\BoundMethod::call()
#27 /codigo/FinalProject/CoffeeClub/vendor/laravel/framework/src/Illuminate/Console/Command.php(213): Illuminate\\Container\\Container->call()
#28 /codigo/FinalProject/CoffeeClub/vendor/symfony/console/Command/Command.php(279): Illuminate\\Console\\Command->execute()
#29 /codigo/FinalProject/CoffeeClub/vendor/laravel/framework/src/Illuminate/Console/Command.php(182): Symfony\\Component\\Console\\Command\\Command->run()
#30 /codigo/FinalProject/CoffeeClub/vendor/symfony/console/Application.php(1047): Illuminate\\Console\\Command->run()
#31 /codigo/FinalProject/CoffeeClub/vendor/symfony/console/Application.php(316): Symfony\\Component\\Console\\Application->doRunCommand()
#32 /codigo/FinalProject/CoffeeClub/vendor/symfony/console/Application.php(167): Symfony\\Component\\Console\\Application->doRun()
#33 /codigo/FinalProject/CoffeeClub/vendor/laravel/framework/src/Illuminate/Foundation/Console/Kernel.php(197): Symfony\\Component\\Console\\Application->run()
#34 /codigo/FinalProject/CoffeeClub/vendor/laravel/framework/src/Illuminate/Foundation/Application.php(1205): Illuminate\\Foundation\\Console\\Kernel->handle()
#35 /codigo/FinalProject/CoffeeClub/artisan(13): Illuminate\\Foundation\\Application->handleCommand()
#36 {main}
"} 
[2024-11-24 21:43:59] production.ERROR: Cannot declare class CreateClientsTable, because the name is already in use {"exception":"[object] (Symfony\\Component\\ErrorHandler\\Error\\FatalError(code: 0): Cannot declare class CreateClientsTable, because the name is already in use at /codigo/FinalProject/CoffeeClub/database/migrations/2024_11_24_161558_create_users_table.php:7)
[stacktrace]
#0 {main}
"} 
